Arguments: 
  E:\installed\node-v16.18.0-win-x64\node-v16.18.0-win-x64\node.exe E:\installed\node-v16.18.0-win-x64\node-v16.18.0-win-x64\node_modules\yarn\bin\yarn.js add --dev @vue/test-utils@next

PATH: 
  C:\Windows\system32;C:\Windows;C:\Windows\System32\Wbem;C:\Windows\System32\WindowsPowerShell\v1.0\;C:\Windows\System32\OpenSSH\;C:\Program Files\Docker\Docker\resources\bin;C:\ProgramData\DockerDesktop\version-bin;C:\ProgramData\chocolatey\bin;E:\installed\Git\cmd;F:\newInstalled\jdk\bin;F:\newInstalled\jdk\jre\bin;F:\newInstalled\android-sdk3.3.8\flutter_windows_3.3.8-stable\flutter;E:\installed\Scripts\;E:\installed\;%PNPM_HOME%;C:\Users\68300285\AppData\Local\Microsoft\WindowsApps;E:\installed\Microsoft VS Code\bin;E:\installed\node-v16.18.0-win-x64\node-v16.18.0-win-x64;C:\ProgramData\chocolatey\lib\deno;C:\Program Files\Docker\Docker;F:\newInstalled\flutter_windows_3.10.6-stable\flutter;F:\newInstalled\cmdline-tools\cmdline-tools\latest\bin;C:\Gradle\gradle-8.3-all\gradle-8.3;

Yarn version: 
  1.22.19

Node version: 
  16.18.0

Platform: 
  win32 x64

Trace: 
  Error: ENOENT: no such file or directory, copyfile 'C:\Users\68300285\AppData\Local\Yarn\Cache\v6\npm-csstype-3.1.2-1d4bf9d572f11c14031f0436e1c10bc1f571f50b-integrity\node_modules\csstype\index.d.ts' -> 'E:\Personal\Desktop\personal\vue\vue-project\raspberry-tart\node_modules\vitepress\node_modules\csstype\index.d.ts'

npm manifest: 
  {
    "name": "smarty-ui-vit",
    "version": "1.0.0",
    "description": "",
    "main": "index.js",
    "scripts": {
      "dev": "vite",
      "build": "vite build",
      "docs:serve": "vitepress serve docs",
      "test": "vitest run"
    },
    "keywords": [],
    "author": "",
    "license": "ISC",
    "devDependencies": {
      "@iconify-json/ic": "1.1.4",
      "@vitejs/plugin-vue": "3.0.3",
      "@vitejs/plugin-vue-jsx": "2.0.0",
      "unocss": "0.45.6",
      "vite": "3.0.7",
      "vitepress": "0.22.4",
      "vitest": "^0.34.3"
    },
    "dependencies": {
      "vue": "3.2.37"
    }
  }

yarn manifest: 
  No manifest

Lockfile: 
  No lockfile
